\BOOKMARK [1][-]{section.1}{\376\377\000I\000P\000S\060\342\060\374\060\311\060\156\121\111\133\146\210\334\121\037\147\000\220\151\123\026\060\156\060\137\060\201\060\156\121\111\133\146\060\342\060\307\060\353}{}% 1
\BOOKMARK [2][-]{subsection.1.1}{\376\377\121\111\133\146\060\342\060\307\060\353\060\156\151\202\211\201}{section.1}% 2
\BOOKMARK [2][-]{subsection.1.2}{\376\377\136\247\152\031\174\373\060\150\211\322\136\246}{section.1}% 3
\BOOKMARK [2][-]{subsection.1.3}{\376\377\120\117\121\111\147\177\060\342\060\307\060\353}{section.1}% 4
\BOOKMARK [2][-]{subsection.1.4}{\376\377\210\334\121\037\147\177\060\342\060\307\060\353\377\010\000A\000-\000p\000l\000a\000t\000e\377\014\000C\000-\000p\000l\000a\000t\000e\377\011}{section.1}% 5
\BOOKMARK [2][-]{subsection.1.5}{\376\377\147\011\122\271\000\040\000J\000o\000n\000e\000s\000\040\117\035\220\124\210\114\122\027\060\150\060\271\060\277\060\303\060\257\117\035\144\054\060\242\060\353\060\264\060\352\060\272\060\340}{section.1}% 6
\BOOKMARK [2][-]{subsection.1.6}{\376\377\000S\000t\000o\000k\000e\000s\000\040\210\150\163\376\060\150\000\040\000P\000o\000i\000n\000c\000a\000r\000\351\000\040\164\003\060\153\060\210\060\213\211\343\221\310}{section.1}% 7
\BOOKMARK [2][-]{subsection.1.7}{\376\377\121\111\133\146\210\334\121\037\060\156\212\055\212\010\140\035\140\363\377\032\000\040\120\117\121\111\147\177\060\156\060\257\060\355\060\271\060\313\060\263\060\353\221\115\177\156\060\156\145\234\060\201\211\226\221\316\060\113\060\211\060\156\135\051\060\214\060\222\000\040\000S\000t\000o\000k\000e\000s\377\017\000P\000o\000i\000n\000c\000a\000r\000\351\000\040\210\150\163\376\060\147\143\111\060\110\377\014\121\111\133\146\210\334\121\037\060\325\060\243\060\353\060\340\060\147\210\334\121\037\060\131\060\213\000\040\000\040}{section.1}% 8
\BOOKMARK [1][-]{section.2}{\376\377\000I\000P\000S\121\111\133\146\210\334\121\037\060\325\060\243\060\353\060\340\151\313\142\020\060\156\147\000\220\151\123\026}{}% 9
\BOOKMARK [2][-]{subsection.2.1}{\376\377\212\010\173\227\147\141\116\366\377\010\143\242\175\042\150\074\133\120\060\150\212\125\117\241\221\317\377\011}{section.2}% 10
\BOOKMARK [2][-]{subsection.2.2}{\376\377\121\145\122\233}{section.2}% 11
\BOOKMARK [2][-]{subsection.2.3}{\376\377\147\000\220\151\123\026\142\113\154\325\123\312\060\163\175\120\147\234}{section.2}% 12
\BOOKMARK [2][-]{subsection.2.4}{\376\377\000b\000e\000s\000t\147\141\116\366\060\150\123\302\161\147\377\010\000P\000o\000l\000/\000L\000C\000/\000A\000n\000a\000l\000y\000z\000e\000r\377\011\060\156\000\040\000I\000S\000O\000-\000C\000R\000\040\153\324\217\003}{section.2}% 13
\BOOKMARK [2][-]{subsection.2.5}{\376\377\000S\000t\000o\000k\000e\000s\211\343\147\220\060\153\060\210\060\213\145\234\060\201\211\226\221\316\060\153\060\112\060\121\060\213\060\014\060\257\060\355\060\271\060\313\060\263\060\353\147\141\116\366\060\156\170\064\175\273\060\015\060\150\210\334\121\037\060\156\212\254\146\016}{section.2}% 14
\BOOKMARK [2][-]{subsection.2.6}{\376\377\175\120\212\326}{section.2}% 15
\BOOKMARK [1][-]{section.3}{\376\377\154\342\225\167\117\235\133\130\140\047\212\125\117\241}{}% 16
\BOOKMARK [2][-]{subsection.3.1}{\376\377\212\125\117\241\147\141\116\366}{section.3}% 17
\BOOKMARK [2][-]{subsection.3.2}{\376\377\175\120\147\234}{section.3}% 18
\BOOKMARK [2][-]{subsection.3.3}{\376\377\000R\000G\000B\000W\153\316\060\156\000\040\000C\000R\211\226\221\316\211\322\122\006\136\003\377\010\173\111\232\330\175\332\000I\000S\000O\377\011}{section.3}% 19
\BOOKMARK [2][-]{subsection.3.4}{\376\377\133\237\147\120\145\231\122\006\145\143\060\150\122\006\145\143\210\334\121\037\060\271\060\277\060\303\060\257\060\156\137\305\211\201\140\047}{section.3}% 20
\BOOKMARK [1][-]{section.4}{\376\377\000A\000-\000p\000l\000a\000t\000e\000\040\060\150\000\040\000A\000n\000a\000l\000y\000z\000e\000r\000\040\220\043\122\325\214\274\060\212\060\132\060\214\060\153\133\376\060\131\060\213\000\040\000I\000P\000S\000\040\121\111\133\146\210\334\121\037\060\156\141\037\136\246\060\150\145\271\117\115\227\136\133\376\171\360\140\047\212\125\117\241}{}% 21
\BOOKMARK [2][-]{subsection.4.1}{\376\377\211\201\145\350}{section.4}% 22
\BOOKMARK [2][-]{subsection.4.2}{\376\377\200\314\146\157\060\150\166\356\166\204}{section.4}% 23
\BOOKMARK [2][-]{subsection.4.3}{\376\377\212\125\117\241\147\141\116\366\060\150\143\007\152\031}{section.4}% 24
\BOOKMARK [2][-]{subsection.4.4}{\376\377\220\043\122\325\126\336\216\342\377\010\000A\000\137\000p\000o\000l\000o\000u\000t\377\011}{section.4}% 25
\BOOKMARK [2][-]{subsection.4.5}{\376\377\175\120\147\234}{section.4}% 26
\BOOKMARK [2][-]{subsection.4.6}{\376\377\120\117\121\111\147\177\214\274\060\212\060\132\060\214\000[\000-\0003\000,\000+\0003\000]\000\040\060\156\130\064\124\010\060\156\000,\000\040\000I\000S\000O\000-\000C\000R\000\040\126\363\060\150\227\136\133\376\171\360\143\007\152\031}{section.4}% 27
\BOOKMARK [2][-]{subsection.4.7}{\376\377\175\120\212\326}{section.4}% 28
\BOOKMARK [1][-]{appendix.A}{\376\377\132\222\214\352\060\153\127\202\166\364\121\145\134\004\060\127\060\137\121\111\060\156\117\035\144\054\060\153\225\242\060\131\060\213\120\117\121\111\212\010\173\227}{}% 29
\BOOKMARK [2][-]{subsection.A.1}{\376\377\000J\000o\000n\000e\000s\210\114\122\027\060\156\134\016\121\145}{appendix.A}% 30
\BOOKMARK [2][-]{subsection.A.2}{\376\377\000J\000o\000n\000e\000s\210\114\122\027\060\156\116\000\202\054\212\326}{appendix.A}% 31
\BOOKMARK [2][-]{subsection.A.3}{\376\377\116\000\151\330\132\222\214\352\121\205\060\156\120\117\121\111\060\156\117\035\144\054}{appendix.A}% 32
\BOOKMARK [2][-]{subsection.A.4}{\376\377\117\213\377\032\116\000\216\370\117\115\166\370\135\356\147\177\060\222\060\257\060\355\060\271\060\313\060\263\060\353\377\010\166\364\116\244\120\117\121\111\147\177\377\011\060\147\143\037\060\223\060\140\220\017\220\116\137\067\136\246}{appendix.A}% 33
\BOOKMARK [2][-]{subsection.A.5}{\376\377\137\017\000\050\0007\0000\000\051\060\153\127\372\060\145\060\117\000I\000P\000S\060\156\146\227\162\266\141\113\060\373\146\016\162\266\141\113\060\156\211\343\221\310}{appendix.A}% 34
\BOOKMARK [1][-]{appendix.B}{\376\377\145\234\121\145\134\004\060\153\060\112\060\121\060\213\120\117\121\111\117\035\144\054\060\156\123\326\060\212\142\161\060\104}{}% 35
\BOOKMARK [2][-]{subsection.B.1}{\376\377\136\176\117\125\133\146\166\204\156\226\120\231\377\032\152\052\154\342\147\141\116\366\060\150\152\052\154\342\227\142\134\004\137\161}{appendix.B}% 36
\BOOKMARK [2][-]{subsection.B.2}{\376\377\120\117\121\111\147\177\060\156\142\161\060\104}{appendix.B}% 37
\BOOKMARK [2][-]{subsection.B.3}{\376\377\134\144\060\156\212\030\217\360\377\032\152\052\154\342\227\142\127\372\136\225\060\150\127\313\060\201\217\274\060\177\210\114\122\027\000\040\000U\000n}{appendix.B}% 38
\BOOKMARK [2][-]{subsection.B.4}{\376\377\134\144\117\134\165\050\175\040\377\032\0002\153\041\121\103\000J\000o\000n\000e\000s\117\134\165\050\060\156\0003\153\041\121\103\060\170\060\156\127\313\060\201\217\274\060\177}{appendix.B}% 39
\BOOKMARK [2][-]{subsection.B.5}{\376\377\131\032\134\144\060\271\060\277\060\303\060\257\060\150\220\017\220\116\137\067\136\246}{appendix.B}% 40
\BOOKMARK [2][-]{subsection.B.6}{\376\377\142\341\137\065\000J\000o\000n\000e\000s\377\010\000E\000x\000t\000e\000n\000d\000e\000d\000\040\000J\000o\000n\000e\000s\377\011\154\325\060\150\060\156\166\370\220\125\160\271}{appendix.B}% 41
