\BOOKMARK [1][-]{section.1}{\376\377\145\160\120\044\060\342\060\307\060\353\377\010\000I\000P\000S\060\342\060\374\060\311\060\153\060\112\060\121\060\213\121\111\133\146\210\334\121\037\147\000\220\151\123\026\212\055\212\010\377\011}{}% 1
\BOOKMARK [2][-]{subsection.1.1}{\376\377\212\010\173\227\060\156\151\202\211\201}{section.1}% 2
\BOOKMARK [2][-]{subsection.1.2}{\376\377\136\247\152\031\174\373\060\150\211\322\136\246}{section.1}% 3
\BOOKMARK [2][-]{subsection.1.3}{\376\377\120\117\121\111\147\177\060\342\060\307\060\353}{section.1}% 4
\BOOKMARK [2][-]{subsection.1.4}{\376\377\210\334\121\037\147\177\060\342\060\307\060\353\377\010\000A\000-\000p\000l\000a\000t\000e\377\014\000C\000-\000p\000l\000a\000t\000e\377\011}{section.1}% 5
\BOOKMARK [2][-]{subsection.1.5}{\376\377\147\011\122\271\000\040\000J\000o\000n\000e\000s\000\040\117\035\220\124\210\114\122\027\060\150\060\271\060\277\060\303\060\257\117\035\144\054\060\242\060\353\060\264\060\352\060\272\060\340}{section.1}% 6
\BOOKMARK [2][-]{subsection.1.6}{\376\377\000S\000t\000o\000k\000e\000s\000\040\210\150\163\376\060\150\000\040\000P\000o\000i\000n\000c\000a\000r\000\351\000\040\164\003\060\153\060\210\060\213\211\343\221\310}{section.1}% 7
\BOOKMARK [2][-]{subsection.1.7}{\376\377\212\055\212\010\140\035\140\363\377\032\060\257\060\355\060\271\060\313\060\263\060\353\060\156\060\252\060\325\060\242\060\257\060\267\060\271\135\051\060\214\060\222\000\040\000S\000t\000o\000k\000e\000s\377\017\000P\000o\000i\000n\000c\000a\000r\000\351\000\040\210\150\163\376\060\147\143\111\060\110\377\014\000L\000C\000/\000A\000/\000C\000\040\060\112\060\210\060\163\000\040\000C\000/\000A\000/\000L\000C\000\040\060\147\210\334\121\037\060\131\060\213}{section.1}% 8
\BOOKMARK [1][-]{section.2}{\376\377\121\111\133\146\210\334\121\037\147\000\220\151\123\026\060\327\060\355\060\260\060\351\060\340\060\156\151\202\211\201}{}% 9
\BOOKMARK [2][-]{subsection.2.1}{\376\377\121\145\122\233}{section.2}% 10
\BOOKMARK [2][-]{subsection.2.2}{\376\377\147\000\220\151\123\026\060\112\060\210\060\163\121\372\122\233}{section.2}% 11
\BOOKMARK [2][-]{subsection.2.3}{\376\377\000C\000a\000s\000e\000-\0001\377\032\000L\000C\000/\000A\000/\000C\377\010\000L\000C\124\070\123\316\216\370\127\372\156\226\377\011}{section.2}% 12
\BOOKMARK [2][-]{subsection.2.4}{\376\377\000C\000a\000s\000e\000-\0002\377\032\000C\000/\000A\000/\000L\000C\377\010\000L\000C\220\017\220\116\216\370\127\372\156\226\377\011}{section.2}% 13
\BOOKMARK [2][-]{subsection.2.5}{\376\377\134\017\142\354}{section.2}% 14
\BOOKMARK [1][-]{section.3}{\376\377\000I\000P\000S\121\111\133\146\210\334\121\037\060\325\060\243\060\353\060\340\151\313\142\020\060\156\147\000\220\151\123\026}{}% 15
\BOOKMARK [2][-]{subsection.3.1}{\376\377\212\010\173\227\147\141\116\366\377\010\143\242\175\042\150\074\133\120\060\150\212\125\117\241\221\317\377\011}{section.3}% 16
\BOOKMARK [2][-]{subsection.3.2}{\376\377\147\000\220\151\123\026\060\114\140\363\133\232\060\127\060\146\060\104\060\213\154\342\225\167}{section.3}% 17
\BOOKMARK [2][-]{subsection.3.3}{\376\377\147\000\220\151\123\026\175\120\147\234}{section.3}% 18
\BOOKMARK [2][-]{subsection.3.4}{\376\377\000b\000e\000s\000t\147\141\116\366\060\150\123\302\161\147\377\010\000P\000o\000l\000/\000L\000C\000/\000A\000n\000a\000l\000y\000z\000e\000r\377\011\060\156\000\040\000I\000S\000O\000-\000C\000R\000\040\153\324\217\003}{section.3}% 19
\BOOKMARK [2][-]{subsection.3.5}{\376\377\000S\000t\000o\000k\000e\000s\211\343\147\220\060\153\060\210\060\213\060\014\060\252\060\325\216\370\060\257\060\355\060\271\060\313\060\263\060\353\060\132\060\214\060\015\060\150\210\334\121\037\060\156\212\254\146\016}{section.3}% 20
\BOOKMARK [2][-]{subsection.3.6}{\376\377\175\120\212\326}{section.3}% 21
\BOOKMARK [1][-]{section.4}{\376\377\154\342\225\167\117\235\133\130\140\047\212\125\117\241\377\010\000D\000i\000s\000p\000e\000r\000s\000i\000o\000n\000:\000\040\000m\000o\000n\000o\000\040\000\046\000\040\000W\000-\000I\000S\000O\377\011}{}% 22
\BOOKMARK [2][-]{subsection.4.1}{\376\377\212\125\117\241\147\141\116\366}{section.4}% 23
\BOOKMARK [2][-]{subsection.4.2}{\376\377\145\160\120\044\175\120\147\234\377\010\210\150\377\011}{section.4}% 24
\BOOKMARK [2][-]{subsection.4.3}{\376\377\154\342\225\167\117\235\133\130\060\327\060\355\060\303\060\310\377\010\126\363\377\011}{section.4}% 25
\BOOKMARK [2][-]{subsection.4.4}{\376\377\000R\000G\000B\000/\000W\000\040\060\156\000\040\000I\000S\000O\000\040\122\006\136\003\377\010\126\363\377\011}{section.4}% 26
\BOOKMARK [2][-]{subsection.4.5}{\376\377\133\237\147\120\145\231\122\006\145\143\060\150\122\006\145\143\210\334\121\037\060\271\060\277\060\303\060\257\060\156\137\305\211\201\140\047}{section.4}% 27
\BOOKMARK [1][-]{section.5}{\376\377\000A\000-\000p\000l\000a\000t\000e\000\040\060\150\000\040\000A\000n\000a\000l\000y\000z\000e\000r\000\040\220\043\122\325\214\274\060\212\060\132\060\214\060\153\133\376\060\131\060\213\000\040\000I\000P\000S\000\040\121\111\133\146\210\334\121\037\060\156\141\037\136\246\060\150\145\271\117\115\227\136\133\376\171\360\140\047\212\125\117\241}{}% 28
\BOOKMARK [2][-]{subsection.5.1}{\376\377\211\201\145\350}{section.5}% 29
\BOOKMARK [2][-]{subsection.5.2}{\376\377\200\314\146\157\060\150\166\356\166\204}{section.5}% 30
\BOOKMARK [2][-]{subsection.5.3}{\376\377\212\125\117\241\147\141\116\366\060\150\143\007\152\031}{section.5}% 31
\BOOKMARK [2][-]{subsection.5.4}{\376\377\220\043\122\325\126\336\216\342\377\010\000A\000\137\000p\000o\000l\000o\000u\000t\377\011}{section.5}% 32
\BOOKMARK [2][-]{subsection.5.5}{\376\377\175\120\147\234}{section.5}% 33
\BOOKMARK [2][-]{subsection.5.6}{\376\377\000[\000-\0003\000,\000+\0003\000]\000\040\121\150\160\271\060\156\145\160\120\044\377\010\210\150\0001\377\011}{section.5}% 34
\BOOKMARK [2][-]{subsection.5.7}{\376\377\175\120\212\326}{section.5}% 35
